-------------------------------------------------------------------------------
Test set: junitMultithread.ControllerServiceTest
-------------------------------------------------------------------------------
Tests run: 14, Failures: 0, Errors: 14, Skipped: 0, Time elapsed: 0.727 sec <<< FAILURE!
shoulAddAccount(junitMultithread.ControllerServiceTest)  Time elapsed: 0.304 sec  <<< ERROR!
org.springframework.web.client.HttpClientErrorException: 400 null
	at org.springframework.web.client.DefaultResponseErrorHandler.handleError(DefaultResponseErrorHandler.java:94)
	at org.springframework.web.client.DefaultResponseErrorHandler.handleError(DefaultResponseErrorHandler.java:79)
	at org.springframework.web.client.ResponseErrorHandler.handleError(ResponseErrorHandler.java:63)
	at org.springframework.web.client.RestTemplate.handleResponse(RestTemplate.java:766)
	at org.springframework.web.client.RestTemplate.doExecute(RestTemplate.java:724)
	at org.springframework.web.client.RestTemplate.execute(RestTemplate.java:680)
	at org.springframework.web.client.RestTemplate.exchange(RestTemplate.java:600)
	at junitMultithread.ControllerServiceTest.shoulAddAccount(ControllerServiceTest.java:49)
	at sun.reflect.NativeMethodAccessorImpl.invoke0(Native Method)
	at sun.reflect.NativeMethodAccessorImpl.invoke(NativeMethodAccessorImpl.java:62)
	at sun.reflect.DelegatingMethodAccessorImpl.invoke(DelegatingMethodAccessorImpl.java:43)
	at java.lang.reflect.Method.invoke(Method.java:498)
	at org.junit.runners.model.FrameworkMethod$1.runReflectiveCall(FrameworkMethod.java:50)
	at org.junit.internal.runners.model.ReflectiveCallable.run(ReflectiveCallable.java:12)
	at org.junit.runners.model.FrameworkMethod.invokeExplosively(FrameworkMethod.java:47)
	at org.junit.internal.runners.statements.InvokeMethod.evaluate(InvokeMethod.java:17)
	at com.anarsoft.vmlens.concurrent.junit.internal.ConcurrentStatement.evaluateStatement(ConcurrentStatement.java:12)
	at com.anarsoft.vmlens.concurrent.junit.internal.ConcurrentStatement.evaluate(ConcurrentStatement.java:43)
	at com.anarsoft.vmlens.concurrent.junit.internal.ParallelExecutorThread.run(ParallelExecutorThread.java:29)

shoulAddAccount(junitMultithread.ControllerServiceTest)  Time elapsed: 0.312 sec  <<< ERROR!
org.springframework.web.client.HttpClientErrorException: 400 null
	at org.springframework.web.client.DefaultResponseErrorHandler.handleError(DefaultResponseErrorHandler.java:94)
	at org.springframework.web.client.DefaultResponseErrorHandler.handleError(DefaultResponseErrorHandler.java:79)
	at org.springframework.web.client.ResponseErrorHandler.handleError(ResponseErrorHandler.java:63)
	at org.springframework.web.client.RestTemplate.handleResponse(RestTemplate.java:766)
	at org.springframework.web.client.RestTemplate.doExecute(RestTemplate.java:724)
	at org.springframework.web.client.RestTemplate.execute(RestTemplate.java:680)
	at org.springframework.web.client.RestTemplate.exchange(RestTemplate.java:600)
	at junitMultithread.ControllerServiceTest.shoulAddAccount(ControllerServiceTest.java:49)
	at sun.reflect.NativeMethodAccessorImpl.invoke0(Native Method)
	at sun.reflect.NativeMethodAccessorImpl.invoke(NativeMethodAccessorImpl.java:62)
	at sun.reflect.DelegatingMethodAccessorImpl.invoke(DelegatingMethodAccessorImpl.java:43)
	at java.lang.reflect.Method.invoke(Method.java:498)
	at org.junit.runners.model.FrameworkMethod$1.runReflectiveCall(FrameworkMethod.java:50)
	at org.junit.internal.runners.model.ReflectiveCallable.run(ReflectiveCallable.java:12)
	at org.junit.runners.model.FrameworkMethod.invokeExplosively(FrameworkMethod.java:47)
	at org.junit.internal.runners.statements.InvokeMethod.evaluate(InvokeMethod.java:17)
	at com.anarsoft.vmlens.concurrent.junit.internal.ConcurrentStatement.evaluateStatement(ConcurrentStatement.java:12)
	at com.anarsoft.vmlens.concurrent.junit.internal.ConcurrentStatement.evaluate(ConcurrentStatement.java:43)
	at com.anarsoft.vmlens.concurrent.junit.internal.ParallelExecutorThread.run(ParallelExecutorThread.java:29)

shoulAddAccount(junitMultithread.ControllerServiceTest)  Time elapsed: 0.313 sec  <<< ERROR!
org.springframework.web.client.HttpClientErrorException: 400 null
	at org.springframework.web.client.DefaultResponseErrorHandler.handleError(DefaultResponseErrorHandler.java:94)
	at org.springframework.web.client.DefaultResponseErrorHandler.handleError(DefaultResponseErrorHandler.java:79)
	at org.springframework.web.client.ResponseErrorHandler.handleError(ResponseErrorHandler.java:63)
	at org.springframework.web.client.RestTemplate.handleResponse(RestTemplate.java:766)
	at org.springframework.web.client.RestTemplate.doExecute(RestTemplate.java:724)
	at org.springframework.web.client.RestTemplate.execute(RestTemplate.java:680)
	at org.springframework.web.client.RestTemplate.exchange(RestTemplate.java:600)
	at junitMultithread.ControllerServiceTest.shoulAddAccount(ControllerServiceTest.java:49)
	at sun.reflect.NativeMethodAccessorImpl.invoke0(Native Method)
	at sun.reflect.NativeMethodAccessorImpl.invoke(NativeMethodAccessorImpl.java:62)
	at sun.reflect.DelegatingMethodAccessorImpl.invoke(DelegatingMethodAccessorImpl.java:43)
	at java.lang.reflect.Method.invoke(Method.java:498)
	at org.junit.runners.model.FrameworkMethod$1.runReflectiveCall(FrameworkMethod.java:50)
	at org.junit.internal.runners.model.ReflectiveCallable.run(ReflectiveCallable.java:12)
	at org.junit.runners.model.FrameworkMethod.invokeExplosively(FrameworkMethod.java:47)
	at org.junit.internal.runners.statements.InvokeMethod.evaluate(InvokeMethod.java:17)
	at com.anarsoft.vmlens.concurrent.junit.internal.ConcurrentStatement.evaluateStatement(ConcurrentStatement.java:12)
	at com.anarsoft.vmlens.concurrent.junit.internal.ConcurrentStatement.evaluate(ConcurrentStatement.java:43)
	at com.anarsoft.vmlens.concurrent.junit.internal.ParallelExecutorThread.run(ParallelExecutorThread.java:29)

shoulAddAccount(junitMultithread.ControllerServiceTest)  Time elapsed: 0.315 sec  <<< ERROR!
org.springframework.web.client.HttpClientErrorException: 400 null
	at org.springframework.web.client.DefaultResponseErrorHandler.handleError(DefaultResponseErrorHandler.java:94)
	at org.springframework.web.client.DefaultResponseErrorHandler.handleError(DefaultResponseErrorHandler.java:79)
	at org.springframework.web.client.ResponseErrorHandler.handleError(ResponseErrorHandler.java:63)
	at org.springframework.web.client.RestTemplate.handleResponse(RestTemplate.java:766)
	at org.springframework.web.client.RestTemplate.doExecute(RestTemplate.java:724)
	at org.springframework.web.client.RestTemplate.execute(RestTemplate.java:680)
	at org.springframework.web.client.RestTemplate.exchange(RestTemplate.java:600)
	at junitMultithread.ControllerServiceTest.shoulAddAccount(ControllerServiceTest.java:49)
	at sun.reflect.NativeMethodAccessorImpl.invoke0(Native Method)
	at sun.reflect.NativeMethodAccessorImpl.invoke(NativeMethodAccessorImpl.java:62)
	at sun.reflect.DelegatingMethodAccessorImpl.invoke(DelegatingMethodAccessorImpl.java:43)
	at java.lang.reflect.Method.invoke(Method.java:498)
	at org.junit.runners.model.FrameworkMethod$1.runReflectiveCall(FrameworkMethod.java:50)
	at org.junit.internal.runners.model.ReflectiveCallable.run(ReflectiveCallable.java:12)
	at org.junit.runners.model.FrameworkMethod.invokeExplosively(FrameworkMethod.java:47)
	at org.junit.internal.runners.statements.InvokeMethod.evaluate(InvokeMethod.java:17)
	at com.anarsoft.vmlens.concurrent.junit.internal.ConcurrentStatement.evaluateStatement(ConcurrentStatement.java:12)
	at com.anarsoft.vmlens.concurrent.junit.internal.ConcurrentStatement.evaluate(ConcurrentStatement.java:43)
	at com.anarsoft.vmlens.concurrent.junit.internal.ParallelExecutorThread.run(ParallelExecutorThread.java:29)

shoulAddAccount(junitMultithread.ControllerServiceTest)  Time elapsed: 0.316 sec  <<< ERROR!
org.springframework.web.client.HttpClientErrorException: 400 null
	at org.springframework.web.client.DefaultResponseErrorHandler.handleError(DefaultResponseErrorHandler.java:94)
	at org.springframework.web.client.DefaultResponseErrorHandler.handleError(DefaultResponseErrorHandler.java:79)
	at org.springframework.web.client.ResponseErrorHandler.handleError(ResponseErrorHandler.java:63)
	at org.springframework.web.client.RestTemplate.handleResponse(RestTemplate.java:766)
	at org.springframework.web.client.RestTemplate.doExecute(RestTemplate.java:724)
	at org.springframework.web.client.RestTemplate.execute(RestTemplate.java:680)
	at org.springframework.web.client.RestTemplate.exchange(RestTemplate.java:600)
	at junitMultithread.ControllerServiceTest.shoulAddAccount(ControllerServiceTest.java:49)
	at sun.reflect.NativeMethodAccessorImpl.invoke0(Native Method)
	at sun.reflect.NativeMethodAccessorImpl.invoke(NativeMethodAccessorImpl.java:62)
	at sun.reflect.DelegatingMethodAccessorImpl.invoke(DelegatingMethodAccessorImpl.java:43)
	at java.lang.reflect.Method.invoke(Method.java:498)
	at org.junit.runners.model.FrameworkMethod$1.runReflectiveCall(FrameworkMethod.java:50)
	at org.junit.internal.runners.model.ReflectiveCallable.run(ReflectiveCallable.java:12)
	at org.junit.runners.model.FrameworkMethod.invokeExplosively(FrameworkMethod.java:47)
	at org.junit.internal.runners.statements.InvokeMethod.evaluate(InvokeMethod.java:17)
	at com.anarsoft.vmlens.concurrent.junit.internal.ConcurrentStatement.evaluateStatement(ConcurrentStatement.java:12)
	at com.anarsoft.vmlens.concurrent.junit.internal.ConcurrentStatement.evaluate(ConcurrentStatement.java:43)
	at com.anarsoft.vmlens.concurrent.junit.internal.ParallelExecutorThread.run(ParallelExecutorThread.java:29)

shoulAddAccount(junitMultithread.ControllerServiceTest)  Time elapsed: 0.357 sec  <<< ERROR!
org.springframework.web.client.HttpClientErrorException: 400 null
	at org.springframework.web.client.DefaultResponseErrorHandler.handleError(DefaultResponseErrorHandler.java:94)
	at org.springframework.web.client.DefaultResponseErrorHandler.handleError(DefaultResponseErrorHandler.java:79)
	at org.springframework.web.client.ResponseErrorHandler.handleError(ResponseErrorHandler.java:63)
	at org.springframework.web.client.RestTemplate.handleResponse(RestTemplate.java:766)
	at org.springframework.web.client.RestTemplate.doExecute(RestTemplate.java:724)
	at org.springframework.web.client.RestTemplate.execute(RestTemplate.java:680)
	at org.springframework.web.client.RestTemplate.exchange(RestTemplate.java:600)
	at junitMultithread.ControllerServiceTest.shoulAddAccount(ControllerServiceTest.java:49)
	at sun.reflect.NativeMethodAccessorImpl.invoke0(Native Method)
	at sun.reflect.NativeMethodAccessorImpl.invoke(NativeMethodAccessorImpl.java:62)
	at sun.reflect.DelegatingMethodAccessorImpl.invoke(DelegatingMethodAccessorImpl.java:43)
	at java.lang.reflect.Method.invoke(Method.java:498)
	at org.junit.runners.model.FrameworkMethod$1.runReflectiveCall(FrameworkMethod.java:50)
	at org.junit.internal.runners.model.ReflectiveCallable.run(ReflectiveCallable.java:12)
	at org.junit.runners.model.FrameworkMethod.invokeExplosively(FrameworkMethod.java:47)
	at org.junit.internal.runners.statements.InvokeMethod.evaluate(InvokeMethod.java:17)
	at com.anarsoft.vmlens.concurrent.junit.internal.ConcurrentStatement.evaluateStatement(ConcurrentStatement.java:12)
	at com.anarsoft.vmlens.concurrent.junit.internal.ConcurrentStatement.evaluate(ConcurrentStatement.java:43)
	at com.anarsoft.vmlens.concurrent.junit.internal.ParallelExecutorThread.run(ParallelExecutorThread.java:29)

shouldReturnErrorCausedByEmptyNameAndEmptyBalanceFields(junitMultithread.ControllerServiceTest)  Time elapsed: 0.357 sec  <<< ERROR!
org.springframework.web.client.HttpClientErrorException: 400 null
	at org.springframework.web.client.DefaultResponseErrorHandler.handleError(DefaultResponseErrorHandler.java:94)
	at org.springframework.web.client.DefaultResponseErrorHandler.handleError(DefaultResponseErrorHandler.java:79)
	at org.springframework.web.client.ResponseErrorHandler.handleError(ResponseErrorHandler.java:63)
	at org.springframework.web.client.RestTemplate.handleResponse(RestTemplate.java:766)
	at org.springframework.web.client.RestTemplate.doExecute(RestTemplate.java:724)
	at org.springframework.web.client.RestTemplate.execute(RestTemplate.java:680)
	at org.springframework.web.client.RestTemplate.exchange(RestTemplate.java:600)
	at junitMultithread.ControllerServiceTest.shouldReturnErrorCausedByEmptyNameAndEmptyBalanceFields(ControllerServiceTest.java:67)
	at sun.reflect.NativeMethodAccessorImpl.invoke0(Native Method)
	at sun.reflect.NativeMethodAccessorImpl.invoke(NativeMethodAccessorImpl.java:62)
	at sun.reflect.DelegatingMethodAccessorImpl.invoke(DelegatingMethodAccessorImpl.java:43)
	at java.lang.reflect.Method.invoke(Method.java:498)
	at org.junit.runners.model.FrameworkMethod$1.runReflectiveCall(FrameworkMethod.java:50)
	at org.junit.internal.runners.model.ReflectiveCallable.run(ReflectiveCallable.java:12)
	at org.junit.runners.model.FrameworkMethod.invokeExplosively(FrameworkMethod.java:47)
	at org.junit.internal.runners.statements.InvokeMethod.evaluate(InvokeMethod.java:17)
	at com.anarsoft.vmlens.concurrent.junit.internal.ConcurrentStatement.evaluateStatement(ConcurrentStatement.java:12)
	at com.anarsoft.vmlens.concurrent.junit.internal.ConcurrentStatement.evaluate(ConcurrentStatement.java:43)
	at com.anarsoft.vmlens.concurrent.junit.internal.ParallelExecutorThread.run(ParallelExecutorThread.java:29)

shouldReturnErrorCausedByEmptyNameAndEmptyBalanceFields(junitMultithread.ControllerServiceTest)  Time elapsed: 0.357 sec  <<< ERROR!
org.springframework.web.client.HttpClientErrorException: 400 null
	at org.springframework.web.client.DefaultResponseErrorHandler.handleError(DefaultResponseErrorHandler.java:94)
	at org.springframework.web.client.DefaultResponseErrorHandler.handleError(DefaultResponseErrorHandler.java:79)
	at org.springframework.web.client.ResponseErrorHandler.handleError(ResponseErrorHandler.java:63)
	at org.springframework.web.client.RestTemplate.handleResponse(RestTemplate.java:766)
	at org.springframework.web.client.RestTemplate.doExecute(RestTemplate.java:724)
	at org.springframework.web.client.RestTemplate.execute(RestTemplate.java:680)
	at org.springframework.web.client.RestTemplate.exchange(RestTemplate.java:600)
	at junitMultithread.ControllerServiceTest.shouldReturnErrorCausedByEmptyNameAndEmptyBalanceFields(ControllerServiceTest.java:67)
	at sun.reflect.NativeMethodAccessorImpl.invoke0(Native Method)
	at sun.reflect.NativeMethodAccessorImpl.invoke(NativeMethodAccessorImpl.java:62)
	at sun.reflect.DelegatingMethodAccessorImpl.invoke(DelegatingMethodAccessorImpl.java:43)
	at java.lang.reflect.Method.invoke(Method.java:498)
	at org.junit.runners.model.FrameworkMethod$1.runReflectiveCall(FrameworkMethod.java:50)
	at org.junit.internal.runners.model.ReflectiveCallable.run(ReflectiveCallable.java:12)
	at org.junit.runners.model.FrameworkMethod.invokeExplosively(FrameworkMethod.java:47)
	at org.junit.internal.runners.statements.InvokeMethod.evaluate(InvokeMethod.java:17)
	at com.anarsoft.vmlens.concurrent.junit.internal.ConcurrentStatement.evaluateStatement(ConcurrentStatement.java:12)
	at com.anarsoft.vmlens.concurrent.junit.internal.ConcurrentStatement.evaluate(ConcurrentStatement.java:43)
	at com.anarsoft.vmlens.concurrent.junit.internal.ParallelExecutorThread.run(ParallelExecutorThread.java:29)

shouldReturnErrorCausedByEmptyNameAndEmptyBalanceFields(junitMultithread.ControllerServiceTest)  Time elapsed: 0.361 sec  <<< ERROR!
org.springframework.web.client.HttpClientErrorException: 400 null
	at org.springframework.web.client.DefaultResponseErrorHandler.handleError(DefaultResponseErrorHandler.java:94)
	at org.springframework.web.client.DefaultResponseErrorHandler.handleError(DefaultResponseErrorHandler.java:79)
	at org.springframework.web.client.ResponseErrorHandler.handleError(ResponseErrorHandler.java:63)
	at org.springframework.web.client.RestTemplate.handleResponse(RestTemplate.java:766)
	at org.springframework.web.client.RestTemplate.doExecute(RestTemplate.java:724)
	at org.springframework.web.client.RestTemplate.execute(RestTemplate.java:680)
	at org.springframework.web.client.RestTemplate.exchange(RestTemplate.java:600)
	at junitMultithread.ControllerServiceTest.shouldReturnErrorCausedByEmptyNameAndEmptyBalanceFields(ControllerServiceTest.java:67)
	at sun.reflect.NativeMethodAccessorImpl.invoke0(Native Method)
	at sun.reflect.NativeMethodAccessorImpl.invoke(NativeMethodAccessorImpl.java:62)
	at sun.reflect.DelegatingMethodAccessorImpl.invoke(DelegatingMethodAccessorImpl.java:43)
	at java.lang.reflect.Method.invoke(Method.java:498)
	at org.junit.runners.model.FrameworkMethod$1.runReflectiveCall(FrameworkMethod.java:50)
	at org.junit.internal.runners.model.ReflectiveCallable.run(ReflectiveCallable.java:12)
	at org.junit.runners.model.FrameworkMethod.invokeExplosively(FrameworkMethod.java:47)
	at org.junit.internal.runners.statements.InvokeMethod.evaluate(InvokeMethod.java:17)
	at com.anarsoft.vmlens.concurrent.junit.internal.ConcurrentStatement.evaluateStatement(ConcurrentStatement.java:12)
	at com.anarsoft.vmlens.concurrent.junit.internal.ConcurrentStatement.evaluate(ConcurrentStatement.java:43)
	at com.anarsoft.vmlens.concurrent.junit.internal.ParallelExecutorThread.run(ParallelExecutorThread.java:29)

shouldReturnErrorCausedByEmptyNameAndEmptyBalanceFields(junitMultithread.ControllerServiceTest)  Time elapsed: 0.369 sec  <<< ERROR!
org.springframework.web.client.HttpClientErrorException: 400 null
	at org.springframework.web.client.DefaultResponseErrorHandler.handleError(DefaultResponseErrorHandler.java:94)
	at org.springframework.web.client.DefaultResponseErrorHandler.handleError(DefaultResponseErrorHandler.java:79)
	at org.springframework.web.client.ResponseErrorHandler.handleError(ResponseErrorHandler.java:63)
	at org.springframework.web.client.RestTemplate.handleResponse(RestTemplate.java:766)
	at org.springframework.web.client.RestTemplate.doExecute(RestTemplate.java:724)
	at org.springframework.web.client.RestTemplate.execute(RestTemplate.java:680)
	at org.springframework.web.client.RestTemplate.exchange(RestTemplate.java:600)
	at junitMultithread.ControllerServiceTest.shouldReturnErrorCausedByEmptyNameAndEmptyBalanceFields(ControllerServiceTest.java:67)
	at sun.reflect.NativeMethodAccessorImpl.invoke0(Native Method)
	at sun.reflect.NativeMethodAccessorImpl.invoke(NativeMethodAccessorImpl.java:62)
	at sun.reflect.DelegatingMethodAccessorImpl.invoke(DelegatingMethodAccessorImpl.java:43)
	at java.lang.reflect.Method.invoke(Method.java:498)
	at org.junit.runners.model.FrameworkMethod$1.runReflectiveCall(FrameworkMethod.java:50)
	at org.junit.internal.runners.model.ReflectiveCallable.run(ReflectiveCallable.java:12)
	at org.junit.runners.model.FrameworkMethod.invokeExplosively(FrameworkMethod.java:47)
	at org.junit.internal.runners.statements.InvokeMethod.evaluate(InvokeMethod.java:17)
	at com.anarsoft.vmlens.concurrent.junit.internal.ConcurrentStatement.evaluateStatement(ConcurrentStatement.java:12)
	at com.anarsoft.vmlens.concurrent.junit.internal.ConcurrentStatement.evaluate(ConcurrentStatement.java:43)
	at com.anarsoft.vmlens.concurrent.junit.internal.ParallelExecutorThread.run(ParallelExecutorThread.java:29)

shouldReturnErrorCausedByEmptyNameAndEmptyBalanceFields(junitMultithread.ControllerServiceTest)  Time elapsed: 0.37 sec  <<< ERROR!
org.springframework.web.client.HttpClientErrorException: 400 null
	at org.springframework.web.client.DefaultResponseErrorHandler.handleError(DefaultResponseErrorHandler.java:94)
	at org.springframework.web.client.DefaultResponseErrorHandler.handleError(DefaultResponseErrorHandler.java:79)
	at org.springframework.web.client.ResponseErrorHandler.handleError(ResponseErrorHandler.java:63)
	at org.springframework.web.client.RestTemplate.handleResponse(RestTemplate.java:766)
	at org.springframework.web.client.RestTemplate.doExecute(RestTemplate.java:724)
	at org.springframework.web.client.RestTemplate.execute(RestTemplate.java:680)
	at org.springframework.web.client.RestTemplate.exchange(RestTemplate.java:600)
	at junitMultithread.ControllerServiceTest.shouldReturnErrorCausedByEmptyNameAndEmptyBalanceFields(ControllerServiceTest.java:67)
	at sun.reflect.NativeMethodAccessorImpl.invoke0(Native Method)
	at sun.reflect.NativeMethodAccessorImpl.invoke(NativeMethodAccessorImpl.java:62)
	at sun.reflect.DelegatingMethodAccessorImpl.invoke(DelegatingMethodAccessorImpl.java:43)
	at java.lang.reflect.Method.invoke(Method.java:498)
	at org.junit.runners.model.FrameworkMethod$1.runReflectiveCall(FrameworkMethod.java:50)
	at org.junit.internal.runners.model.ReflectiveCallable.run(ReflectiveCallable.java:12)
	at org.junit.runners.model.FrameworkMethod.invokeExplosively(FrameworkMethod.java:47)
	at org.junit.internal.runners.statements.InvokeMethod.evaluate(InvokeMethod.java:17)
	at com.anarsoft.vmlens.concurrent.junit.internal.ConcurrentStatement.evaluateStatement(ConcurrentStatement.java:12)
	at com.anarsoft.vmlens.concurrent.junit.internal.ConcurrentStatement.evaluate(ConcurrentStatement.java:43)
	at com.anarsoft.vmlens.concurrent.junit.internal.ParallelExecutorThread.run(ParallelExecutorThread.java:29)

shouldReturnErrorCausedByEmptyNameAndEmptyBalanceFields(junitMultithread.ControllerServiceTest)  Time elapsed: 0.371 sec  <<< ERROR!
org.springframework.web.client.HttpClientErrorException: 400 null
	at org.springframework.web.client.DefaultResponseErrorHandler.handleError(DefaultResponseErrorHandler.java:94)
	at org.springframework.web.client.DefaultResponseErrorHandler.handleError(DefaultResponseErrorHandler.java:79)
	at org.springframework.web.client.ResponseErrorHandler.handleError(ResponseErrorHandler.java:63)
	at org.springframework.web.client.RestTemplate.handleResponse(RestTemplate.java:766)
	at org.springframework.web.client.RestTemplate.doExecute(RestTemplate.java:724)
	at org.springframework.web.client.RestTemplate.execute(RestTemplate.java:680)
	at org.springframework.web.client.RestTemplate.exchange(RestTemplate.java:600)
	at junitMultithread.ControllerServiceTest.shouldReturnErrorCausedByEmptyNameAndEmptyBalanceFields(ControllerServiceTest.java:67)
	at sun.reflect.NativeMethodAccessorImpl.invoke0(Native Method)
	at sun.reflect.NativeMethodAccessorImpl.invoke(NativeMethodAccessorImpl.java:62)
	at sun.reflect.DelegatingMethodAccessorImpl.invoke(DelegatingMethodAccessorImpl.java:43)
	at java.lang.reflect.Method.invoke(Method.java:498)
	at org.junit.runners.model.FrameworkMethod$1.runReflectiveCall(FrameworkMethod.java:50)
	at org.junit.internal.runners.model.ReflectiveCallable.run(ReflectiveCallable.java:12)
	at org.junit.runners.model.FrameworkMethod.invokeExplosively(FrameworkMethod.java:47)
	at org.junit.internal.runners.statements.InvokeMethod.evaluate(InvokeMethod.java:17)
	at com.anarsoft.vmlens.concurrent.junit.internal.ConcurrentStatement.evaluateStatement(ConcurrentStatement.java:12)
	at com.anarsoft.vmlens.concurrent.junit.internal.ConcurrentStatement.evaluate(ConcurrentStatement.java:43)
	at com.anarsoft.vmlens.concurrent.junit.internal.ParallelExecutorThread.run(ParallelExecutorThread.java:29)

shouldReturnErrorCausedByEmptyNameAndEmptyBalanceFields(junitMultithread.ControllerServiceTest)  Time elapsed: 0.371 sec  <<< ERROR!
org.springframework.web.client.HttpClientErrorException: 400 null
	at org.springframework.web.client.DefaultResponseErrorHandler.handleError(DefaultResponseErrorHandler.java:94)
	at org.springframework.web.client.DefaultResponseErrorHandler.handleError(DefaultResponseErrorHandler.java:79)
	at org.springframework.web.client.ResponseErrorHandler.handleError(ResponseErrorHandler.java:63)
	at org.springframework.web.client.RestTemplate.handleResponse(RestTemplate.java:766)
	at org.springframework.web.client.RestTemplate.doExecute(RestTemplate.java:724)
	at org.springframework.web.client.RestTemplate.execute(RestTemplate.java:680)
	at org.springframework.web.client.RestTemplate.exchange(RestTemplate.java:600)
	at junitMultithread.ControllerServiceTest.shouldReturnErrorCausedByEmptyNameAndEmptyBalanceFields(ControllerServiceTest.java:67)
	at sun.reflect.NativeMethodAccessorImpl.invoke0(Native Method)
	at sun.reflect.NativeMethodAccessorImpl.invoke(NativeMethodAccessorImpl.java:62)
	at sun.reflect.DelegatingMethodAccessorImpl.invoke(DelegatingMethodAccessorImpl.java:43)
	at java.lang.reflect.Method.invoke(Method.java:498)
	at org.junit.runners.model.FrameworkMethod$1.runReflectiveCall(FrameworkMethod.java:50)
	at org.junit.internal.runners.model.ReflectiveCallable.run(ReflectiveCallable.java:12)
	at org.junit.runners.model.FrameworkMethod.invokeExplosively(FrameworkMethod.java:47)
	at org.junit.internal.runners.statements.InvokeMethod.evaluate(InvokeMethod.java:17)
	at com.anarsoft.vmlens.concurrent.junit.internal.ConcurrentStatement.evaluateStatement(ConcurrentStatement.java:12)
	at com.anarsoft.vmlens.concurrent.junit.internal.ConcurrentStatement.evaluate(ConcurrentStatement.java:43)
	at com.anarsoft.vmlens.concurrent.junit.internal.ParallelExecutorThread.run(ParallelExecutorThread.java:29)

shouldReturnErrorCausedByEmptyNameAndEmptyBalanceFields(junitMultithread.ControllerServiceTest)  Time elapsed: 0.372 sec  <<< ERROR!
org.springframework.web.client.HttpClientErrorException: 400 null
	at org.springframework.web.client.DefaultResponseErrorHandler.handleError(DefaultResponseErrorHandler.java:94)
	at org.springframework.web.client.DefaultResponseErrorHandler.handleError(DefaultResponseErrorHandler.java:79)
	at org.springframework.web.client.ResponseErrorHandler.handleError(ResponseErrorHandler.java:63)
	at org.springframework.web.client.RestTemplate.handleResponse(RestTemplate.java:766)
	at org.springframework.web.client.RestTemplate.doExecute(RestTemplate.java:724)
	at org.springframework.web.client.RestTemplate.execute(RestTemplate.java:680)
	at org.springframework.web.client.RestTemplate.exchange(RestTemplate.java:600)
	at junitMultithread.ControllerServiceTest.shouldReturnErrorCausedByEmptyNameAndEmptyBalanceFields(ControllerServiceTest.java:67)
	at sun.reflect.NativeMethodAccessorImpl.invoke0(Native Method)
	at sun.reflect.NativeMethodAccessorImpl.invoke(NativeMethodAccessorImpl.java:62)
	at sun.reflect.DelegatingMethodAccessorImpl.invoke(DelegatingMethodAccessorImpl.java:43)
	at java.lang.reflect.Method.invoke(Method.java:498)
	at org.junit.runners.model.FrameworkMethod$1.runReflectiveCall(FrameworkMethod.java:50)
	at org.junit.internal.runners.model.ReflectiveCallable.run(ReflectiveCallable.java:12)
	at org.junit.runners.model.FrameworkMethod.invokeExplosively(FrameworkMethod.java:47)
	at org.junit.internal.runners.statements.InvokeMethod.evaluate(InvokeMethod.java:17)
	at com.anarsoft.vmlens.concurrent.junit.internal.ConcurrentStatement.evaluateStatement(ConcurrentStatement.java:12)
	at com.anarsoft.vmlens.concurrent.junit.internal.ConcurrentStatement.evaluate(ConcurrentStatement.java:43)
	at com.anarsoft.vmlens.concurrent.junit.internal.ParallelExecutorThread.run(ParallelExecutorThread.java:29)

