<?xml version="1.0" encoding="UTF-8" ?>
<testsuite tests="14" failures="0" name="junitMultithread.ControllerServiceTest" time="4.845" errors="14" skipped="0">
  <properties>
[...]
</properties>
  <testcase classname="junitMultithread.ControllerServiceTest" name="shoulAddAccount" time="0.304">
    <error message="400 null" type="org.springframework.web.client.HttpClientErrorException">org.springframework.web.client.HttpClientErrorException: 400 null
	at org.springframework.web.client.DefaultResponseErrorHandler.handleError(DefaultResponseErrorHandler.java:94)
	at org.springframework.web.client.DefaultResponseErrorHandler.handleError(DefaultResponseErrorHandler.java:79)
	at org.springframework.web.client.ResponseErrorHandler.handleError(ResponseErrorHandler.java:63)
	at org.springframework.web.client.RestTemplate.handleResponse(RestTemplate.java:766)
	at org.springframework.web.client.RestTemplate.doExecute(RestTemplate.java:724)
	at org.springframework.web.client.RestTemplate.execute(RestTemplate.java:680)
	at org.springframework.web.client.RestTemplate.exchange(RestTemplate.java:600)
	at junitMultithread.ControllerServiceTest.shoulAddAccount(ControllerServiceTest.java:49)
	at sun.reflect.NativeMethodAccessorImpl.invoke0(Native Method)
	at sun.reflect.NativeMethodAccessorImpl.invoke(NativeMethodAccessorImpl.java:62)
	at sun.reflect.DelegatingMethodAccessorImpl.invoke(DelegatingMethodAccessorImpl.java:43)
	at java.lang.reflect.Method.invoke(Method.java:498)
	at org.junit.runners.model.FrameworkMethod$1.runReflectiveCall(FrameworkMethod.java:50)
	at org.junit.internal.runners.model.ReflectiveCallable.run(ReflectiveCallable.java:12)
	at org.junit.runners.model.FrameworkMethod.invokeExplosively(FrameworkMethod.java:47)
	at org.junit.internal.runners.statements.InvokeMethod.evaluate(InvokeMethod.java:17)
	at com.anarsoft.vmlens.concurrent.junit.internal.ConcurrentStatement.evaluateStatement(ConcurrentStatement.java:12)
	at com.anarsoft.vmlens.concurrent.junit.internal.ConcurrentStatement.evaluate(ConcurrentStatement.java:43)
	at com.anarsoft.vmlens.concurrent.junit.internal.ParallelExecutorThread.run(ParallelExecutorThread.java:29)
</error>
    <system-out>Status code: 200, body: []
Status code: 200, body: [{&quot;id&quot;:4,&quot;name&quot;:&quot;Jacek Millenium Bank savings&quot;,&quot;balance&quot;:&quot;1000.00&quot;},{&quot;id&quot;:5,&quot;name&quot;:&quot;Jacek Millenium Bank savings&quot;,&quot;balance&quot;:&quot;1000.00&quot;}]
Status code: 200, body: [{&quot;id&quot;:4,&quot;name&quot;:&quot;Jacek Millenium Bank savings&quot;,&quot;balance&quot;:&quot;1000.00&quot;}]
Status code: 200, body: [{&quot;id&quot;:4,&quot;name&quot;:&quot;Jacek Millenium Bank savings&quot;,&quot;balance&quot;:&quot;1000.00&quot;}]
Status code: 200, body: 4
Status code: 200, body: 5
Status code: 200, body: [{&quot;id&quot;:4,&quot;name&quot;:&quot;Jacek Millenium Bank savings&quot;,&quot;balance&quot;:&quot;1000.00&quot;}]
Status code: 200, body: []
Status code: 200, body: [{&quot;id&quot;:4,&quot;name&quot;:&quot;Jacek Millenium Bank savings&quot;,&quot;balance&quot;:&quot;1000.00&quot;},{&quot;id&quot;:5,&quot;name&quot;:&quot;Jacek Millenium Bank savings&quot;,&quot;balance&quot;:&quot;1000.00&quot;}]
Status code: 200, body: [{&quot;id&quot;:4,&quot;name&quot;:&quot;Jacek Millenium Bank savings&quot;,&quot;balance&quot;:&quot;1000.00&quot;},{&quot;id&quot;:5,&quot;name&quot;:&quot;Jacek Millenium Bank savings&quot;,&quot;balance&quot;:&quot;1000.00&quot;}]
</system-out>
  </testcase>
  <testcase classname="junitMultithread.ControllerServiceTest" name="shoulAddAccount" time="0.312">
    <error message="400 null" type="org.springframework.web.client.HttpClientErrorException">org.springframework.web.client.HttpClientErrorException: 400 null
	at org.springframework.web.client.DefaultResponseErrorHandler.handleError(DefaultResponseErrorHandler.java:94)
	at org.springframework.web.client.DefaultResponseErrorHandler.handleError(DefaultResponseErrorHandler.java:79)
	at org.springframework.web.client.ResponseErrorHandler.handleError(ResponseErrorHandler.java:63)
	at org.springframework.web.client.RestTemplate.handleResponse(RestTemplate.java:766)
	at org.springframework.web.client.RestTemplate.doExecute(RestTemplate.java:724)
	at org.springframework.web.client.RestTemplate.execute(RestTemplate.java:680)
	at org.springframework.web.client.RestTemplate.exchange(RestTemplate.java:600)
	at junitMultithread.ControllerServiceTest.shoulAddAccount(ControllerServiceTest.java:49)
	at sun.reflect.NativeMethodAccessorImpl.invoke0(Native Method)
	at sun.reflect.NativeMethodAccessorImpl.invoke(NativeMethodAccessorImpl.java:62)
	at sun.reflect.DelegatingMethodAccessorImpl.invoke(DelegatingMethodAccessorImpl.java:43)
	at java.lang.reflect.Method.invoke(Method.java:498)
	at org.junit.runners.model.FrameworkMethod$1.runReflectiveCall(FrameworkMethod.java:50)
	at org.junit.internal.runners.model.ReflectiveCallable.run(ReflectiveCallable.java:12)
	at org.junit.runners.model.FrameworkMethod.invokeExplosively(FrameworkMethod.java:47)
	at org.junit.internal.runners.statements.InvokeMethod.evaluate(InvokeMethod.java:17)
	at com.anarsoft.vmlens.concurrent.junit.internal.ConcurrentStatement.evaluateStatement(ConcurrentStatement.java:12)
	at com.anarsoft.vmlens.concurrent.junit.internal.ConcurrentStatement.evaluate(ConcurrentStatement.java:43)
	at com.anarsoft.vmlens.concurrent.junit.internal.ParallelExecutorThread.run(ParallelExecutorThread.java:29)
</error>
  </testcase>
  <testcase classname="junitMultithread.ControllerServiceTest" name="shoulAddAccount" time="0.313">
    <error message="400 null" type="org.springframework.web.client.HttpClientErrorException">org.springframework.web.client.HttpClientErrorException: 400 null
	at org.springframework.web.client.DefaultResponseErrorHandler.handleError(DefaultResponseErrorHandler.java:94)
	at org.springframework.web.client.DefaultResponseErrorHandler.handleError(DefaultResponseErrorHandler.java:79)
	at org.springframework.web.client.ResponseErrorHandler.handleError(ResponseErrorHandler.java:63)
	at org.springframework.web.client.RestTemplate.handleResponse(RestTemplate.java:766)
	at org.springframework.web.client.RestTemplate.doExecute(RestTemplate.java:724)
	at org.springframework.web.client.RestTemplate.execute(RestTemplate.java:680)
	at org.springframework.web.client.RestTemplate.exchange(RestTemplate.java:600)
	at junitMultithread.ControllerServiceTest.shoulAddAccount(ControllerServiceTest.java:49)
	at sun.reflect.NativeMethodAccessorImpl.invoke0(Native Method)
	at sun.reflect.NativeMethodAccessorImpl.invoke(NativeMethodAccessorImpl.java:62)
	at sun.reflect.DelegatingMethodAccessorImpl.invoke(DelegatingMethodAccessorImpl.java:43)
	at java.lang.reflect.Method.invoke(Method.java:498)
	at org.junit.runners.model.FrameworkMethod$1.runReflectiveCall(FrameworkMethod.java:50)
	at org.junit.internal.runners.model.ReflectiveCallable.run(ReflectiveCallable.java:12)
	at org.junit.runners.model.FrameworkMethod.invokeExplosively(FrameworkMethod.java:47)
	at org.junit.internal.runners.statements.InvokeMethod.evaluate(InvokeMethod.java:17)
	at com.anarsoft.vmlens.concurrent.junit.internal.ConcurrentStatement.evaluateStatement(ConcurrentStatement.java:12)
	at com.anarsoft.vmlens.concurrent.junit.internal.ConcurrentStatement.evaluate(ConcurrentStatement.java:43)
	at com.anarsoft.vmlens.concurrent.junit.internal.ParallelExecutorThread.run(ParallelExecutorThread.java:29)
</error>
  </testcase>
  <testcase classname="junitMultithread.ControllerServiceTest" name="shoulAddAccount" time="0.315">
    <error message="400 null" type="org.springframework.web.client.HttpClientErrorException">org.springframework.web.client.HttpClientErrorException: 400 null
	at org.springframework.web.client.DefaultResponseErrorHandler.handleError(DefaultResponseErrorHandler.java:94)
	at org.springframework.web.client.DefaultResponseErrorHandler.handleError(DefaultResponseErrorHandler.java:79)
	at org.springframework.web.client.ResponseErrorHandler.handleError(ResponseErrorHandler.java:63)
	at org.springframework.web.client.RestTemplate.handleResponse(RestTemplate.java:766)
	at org.springframework.web.client.RestTemplate.doExecute(RestTemplate.java:724)
	at org.springframework.web.client.RestTemplate.execute(RestTemplate.java:680)
	at org.springframework.web.client.RestTemplate.exchange(RestTemplate.java:600)
	at junitMultithread.ControllerServiceTest.shoulAddAccount(ControllerServiceTest.java:49)
	at sun.reflect.NativeMethodAccessorImpl.invoke0(Native Method)
	at sun.reflect.NativeMethodAccessorImpl.invoke(NativeMethodAccessorImpl.java:62)
	at sun.reflect.DelegatingMethodAccessorImpl.invoke(DelegatingMethodAccessorImpl.java:43)
	at java.lang.reflect.Method.invoke(Method.java:498)
	at org.junit.runners.model.FrameworkMethod$1.runReflectiveCall(FrameworkMethod.java:50)
	at org.junit.internal.runners.model.ReflectiveCallable.run(ReflectiveCallable.java:12)
	at org.junit.runners.model.FrameworkMethod.invokeExplosively(FrameworkMethod.java:47)
	at org.junit.internal.runners.statements.InvokeMethod.evaluate(InvokeMethod.java:17)
	at com.anarsoft.vmlens.concurrent.junit.internal.ConcurrentStatement.evaluateStatement(ConcurrentStatement.java:12)
	at com.anarsoft.vmlens.concurrent.junit.internal.ConcurrentStatement.evaluate(ConcurrentStatement.java:43)
	at com.anarsoft.vmlens.concurrent.junit.internal.ParallelExecutorThread.run(ParallelExecutorThread.java:29)
</error>
  </testcase>
  <testcase classname="junitMultithread.ControllerServiceTest" name="shoulAddAccount" time="0.316">
    <error message="400 null" type="org.springframework.web.client.HttpClientErrorException">org.springframework.web.client.HttpClientErrorException: 400 null
	at org.springframework.web.client.DefaultResponseErrorHandler.handleError(DefaultResponseErrorHandler.java:94)
	at org.springframework.web.client.DefaultResponseErrorHandler.handleError(DefaultResponseErrorHandler.java:79)
	at org.springframework.web.client.ResponseErrorHandler.handleError(ResponseErrorHandler.java:63)
	at org.springframework.web.client.RestTemplate.handleResponse(RestTemplate.java:766)
	at org.springframework.web.client.RestTemplate.doExecute(RestTemplate.java:724)
	at org.springframework.web.client.RestTemplate.execute(RestTemplate.java:680)
	at org.springframework.web.client.RestTemplate.exchange(RestTemplate.java:600)
	at junitMultithread.ControllerServiceTest.shoulAddAccount(ControllerServiceTest.java:49)
	at sun.reflect.NativeMethodAccessorImpl.invoke0(Native Method)
	at sun.reflect.NativeMethodAccessorImpl.invoke(NativeMethodAccessorImpl.java:62)
	at sun.reflect.DelegatingMethodAccessorImpl.invoke(DelegatingMethodAccessorImpl.java:43)
	at java.lang.reflect.Method.invoke(Method.java:498)
	at org.junit.runners.model.FrameworkMethod$1.runReflectiveCall(FrameworkMethod.java:50)
	at org.junit.internal.runners.model.ReflectiveCallable.run(ReflectiveCallable.java:12)
	at org.junit.runners.model.FrameworkMethod.invokeExplosively(FrameworkMethod.java:47)
	at org.junit.internal.runners.statements.InvokeMethod.evaluate(InvokeMethod.java:17)
	at com.anarsoft.vmlens.concurrent.junit.internal.ConcurrentStatement.evaluateStatement(ConcurrentStatement.java:12)
	at com.anarsoft.vmlens.concurrent.junit.internal.ConcurrentStatement.evaluate(ConcurrentStatement.java:43)
	at com.anarsoft.vmlens.concurrent.junit.internal.ParallelExecutorThread.run(ParallelExecutorThread.java:29)
</error>
  </testcase>
  <testcase classname="junitMultithread.ControllerServiceTest" name="shoulAddAccount" time="0.357">
    <error message="400 null" type="org.springframework.web.client.HttpClientErrorException">org.springframework.web.client.HttpClientErrorException: 400 null
	at org.springframework.web.client.DefaultResponseErrorHandler.handleError(DefaultResponseErrorHandler.java:94)
	at org.springframework.web.client.DefaultResponseErrorHandler.handleError(DefaultResponseErrorHandler.java:79)
	at org.springframework.web.client.ResponseErrorHandler.handleError(ResponseErrorHandler.java:63)
	at org.springframework.web.client.RestTemplate.handleResponse(RestTemplate.java:766)
	at org.springframework.web.client.RestTemplate.doExecute(RestTemplate.java:724)
	at org.springframework.web.client.RestTemplate.execute(RestTemplate.java:680)
	at org.springframework.web.client.RestTemplate.exchange(RestTemplate.java:600)
	at junitMultithread.ControllerServiceTest.shoulAddAccount(ControllerServiceTest.java:49)
	at sun.reflect.NativeMethodAccessorImpl.invoke0(Native Method)
	at sun.reflect.NativeMethodAccessorImpl.invoke(NativeMethodAccessorImpl.java:62)
	at sun.reflect.DelegatingMethodAccessorImpl.invoke(DelegatingMethodAccessorImpl.java:43)
	at java.lang.reflect.Method.invoke(Method.java:498)
	at org.junit.runners.model.FrameworkMethod$1.runReflectiveCall(FrameworkMethod.java:50)
	at org.junit.internal.runners.model.ReflectiveCallable.run(ReflectiveCallable.java:12)
	at org.junit.runners.model.FrameworkMethod.invokeExplosively(FrameworkMethod.java:47)
	at org.junit.internal.runners.statements.InvokeMethod.evaluate(InvokeMethod.java:17)
	at com.anarsoft.vmlens.concurrent.junit.internal.ConcurrentStatement.evaluateStatement(ConcurrentStatement.java:12)
	at com.anarsoft.vmlens.concurrent.junit.internal.ConcurrentStatement.evaluate(ConcurrentStatement.java:43)
	at com.anarsoft.vmlens.concurrent.junit.internal.ParallelExecutorThread.run(ParallelExecutorThread.java:29)
</error>
  </testcase>
  <testcase classname="junitMultithread.ControllerServiceTest" name="shouldReturnErrorCausedByEmptyNameAndEmptyBalanceFields" time="0.357">
    <error message="400 null" type="org.springframework.web.client.HttpClientErrorException">org.springframework.web.client.HttpClientErrorException: 400 null
	at org.springframework.web.client.DefaultResponseErrorHandler.handleError(DefaultResponseErrorHandler.java:94)
	at org.springframework.web.client.DefaultResponseErrorHandler.handleError(DefaultResponseErrorHandler.java:79)
	at org.springframework.web.client.ResponseErrorHandler.handleError(ResponseErrorHandler.java:63)
	at org.springframework.web.client.RestTemplate.handleResponse(RestTemplate.java:766)
	at org.springframework.web.client.RestTemplate.doExecute(RestTemplate.java:724)
	at org.springframework.web.client.RestTemplate.execute(RestTemplate.java:680)
	at org.springframework.web.client.RestTemplate.exchange(RestTemplate.java:600)
	at junitMultithread.ControllerServiceTest.shouldReturnErrorCausedByEmptyNameAndEmptyBalanceFields(ControllerServiceTest.java:67)
	at sun.reflect.NativeMethodAccessorImpl.invoke0(Native Method)
	at sun.reflect.NativeMethodAccessorImpl.invoke(NativeMethodAccessorImpl.java:62)
	at sun.reflect.DelegatingMethodAccessorImpl.invoke(DelegatingMethodAccessorImpl.java:43)
	at java.lang.reflect.Method.invoke(Method.java:498)
	at org.junit.runners.model.FrameworkMethod$1.runReflectiveCall(FrameworkMethod.java:50)
	at org.junit.internal.runners.model.ReflectiveCallable.run(ReflectiveCallable.java:12)
	at org.junit.runners.model.FrameworkMethod.invokeExplosively(FrameworkMethod.java:47)
	at org.junit.internal.runners.statements.InvokeMethod.evaluate(InvokeMethod.java:17)
	at com.anarsoft.vmlens.concurrent.junit.internal.ConcurrentStatement.evaluateStatement(ConcurrentStatement.java:12)
	at com.anarsoft.vmlens.concurrent.junit.internal.ConcurrentStatement.evaluate(ConcurrentStatement.java:43)
	at com.anarsoft.vmlens.concurrent.junit.internal.ParallelExecutorThread.run(ParallelExecutorThread.java:29)
</error>
  </testcase>
  <testcase classname="junitMultithread.ControllerServiceTest" name="shouldReturnErrorCausedByEmptyNameAndEmptyBalanceFields" time="0.357">
    <error message="400 null" type="org.springframework.web.client.HttpClientErrorException">org.springframework.web.client.HttpClientErrorException: 400 null
	at org.springframework.web.client.DefaultResponseErrorHandler.handleError(DefaultResponseErrorHandler.java:94)
	at org.springframework.web.client.DefaultResponseErrorHandler.handleError(DefaultResponseErrorHandler.java:79)
	at org.springframework.web.client.ResponseErrorHandler.handleError(ResponseErrorHandler.java:63)
	at org.springframework.web.client.RestTemplate.handleResponse(RestTemplate.java:766)
	at org.springframework.web.client.RestTemplate.doExecute(RestTemplate.java:724)
	at org.springframework.web.client.RestTemplate.execute(RestTemplate.java:680)
	at org.springframework.web.client.RestTemplate.exchange(RestTemplate.java:600)
	at junitMultithread.ControllerServiceTest.shouldReturnErrorCausedByEmptyNameAndEmptyBalanceFields(ControllerServiceTest.java:67)
	at sun.reflect.NativeMethodAccessorImpl.invoke0(Native Method)
	at sun.reflect.NativeMethodAccessorImpl.invoke(NativeMethodAccessorImpl.java:62)
	at sun.reflect.DelegatingMethodAccessorImpl.invoke(DelegatingMethodAccessorImpl.java:43)
	at java.lang.reflect.Method.invoke(Method.java:498)
	at org.junit.runners.model.FrameworkMethod$1.runReflectiveCall(FrameworkMethod.java:50)
	at org.junit.internal.runners.model.ReflectiveCallable.run(ReflectiveCallable.java:12)
	at org.junit.runners.model.FrameworkMethod.invokeExplosively(FrameworkMethod.java:47)
	at org.junit.internal.runners.statements.InvokeMethod.evaluate(InvokeMethod.java:17)
	at com.anarsoft.vmlens.concurrent.junit.internal.ConcurrentStatement.evaluateStatement(ConcurrentStatement.java:12)
	at com.anarsoft.vmlens.concurrent.junit.internal.ConcurrentStatement.evaluate(ConcurrentStatement.java:43)
	at com.anarsoft.vmlens.concurrent.junit.internal.ParallelExecutorThread.run(ParallelExecutorThread.java:29)
</error>
  </testcase>
  <testcase classname="junitMultithread.ControllerServiceTest" name="shouldReturnErrorCausedByEmptyNameAndEmptyBalanceFields" time="0.361">
    <error message="400 null" type="org.springframework.web.client.HttpClientErrorException">org.springframework.web.client.HttpClientErrorException: 400 null
	at org.springframework.web.client.DefaultResponseErrorHandler.handleError(DefaultResponseErrorHandler.java:94)
	at org.springframework.web.client.DefaultResponseErrorHandler.handleError(DefaultResponseErrorHandler.java:79)
	at org.springframework.web.client.ResponseErrorHandler.handleError(ResponseErrorHandler.java:63)
	at org.springframework.web.client.RestTemplate.handleResponse(RestTemplate.java:766)
	at org.springframework.web.client.RestTemplate.doExecute(RestTemplate.java:724)
	at org.springframework.web.client.RestTemplate.execute(RestTemplate.java:680)
	at org.springframework.web.client.RestTemplate.exchange(RestTemplate.java:600)
	at junitMultithread.ControllerServiceTest.shouldReturnErrorCausedByEmptyNameAndEmptyBalanceFields(ControllerServiceTest.java:67)
	at sun.reflect.NativeMethodAccessorImpl.invoke0(Native Method)
	at sun.reflect.NativeMethodAccessorImpl.invoke(NativeMethodAccessorImpl.java:62)
	at sun.reflect.DelegatingMethodAccessorImpl.invoke(DelegatingMethodAccessorImpl.java:43)
	at java.lang.reflect.Method.invoke(Method.java:498)
	at org.junit.runners.model.FrameworkMethod$1.runReflectiveCall(FrameworkMethod.java:50)
	at org.junit.internal.runners.model.ReflectiveCallable.run(ReflectiveCallable.java:12)
	at org.junit.runners.model.FrameworkMethod.invokeExplosively(FrameworkMethod.java:47)
	at org.junit.internal.runners.statements.InvokeMethod.evaluate(InvokeMethod.java:17)
	at com.anarsoft.vmlens.concurrent.junit.internal.ConcurrentStatement.evaluateStatement(ConcurrentStatement.java:12)
	at com.anarsoft.vmlens.concurrent.junit.internal.ConcurrentStatement.evaluate(ConcurrentStatement.java:43)
	at com.anarsoft.vmlens.concurrent.junit.internal.ParallelExecutorThread.run(ParallelExecutorThread.java:29)
</error>
  </testcase>
  <testcase classname="junitMultithread.ControllerServiceTest" name="shouldReturnErrorCausedByEmptyNameAndEmptyBalanceFields" time="0.369">
    <error message="400 null" type="org.springframework.web.client.HttpClientErrorException">org.springframework.web.client.HttpClientErrorException: 400 null
	at org.springframework.web.client.DefaultResponseErrorHandler.handleError(DefaultResponseErrorHandler.java:94)
	at org.springframework.web.client.DefaultResponseErrorHandler.handleError(DefaultResponseErrorHandler.java:79)
	at org.springframework.web.client.ResponseErrorHandler.handleError(ResponseErrorHandler.java:63)
	at org.springframework.web.client.RestTemplate.handleResponse(RestTemplate.java:766)
	at org.springframework.web.client.RestTemplate.doExecute(RestTemplate.java:724)
	at org.springframework.web.client.RestTemplate.execute(RestTemplate.java:680)
	at org.springframework.web.client.RestTemplate.exchange(RestTemplate.java:600)
	at junitMultithread.ControllerServiceTest.shouldReturnErrorCausedByEmptyNameAndEmptyBalanceFields(ControllerServiceTest.java:67)
	at sun.reflect.NativeMethodAccessorImpl.invoke0(Native Method)
	at sun.reflect.NativeMethodAccessorImpl.invoke(NativeMethodAccessorImpl.java:62)
	at sun.reflect.DelegatingMethodAccessorImpl.invoke(DelegatingMethodAccessorImpl.java:43)
	at java.lang.reflect.Method.invoke(Method.java:498)
	at org.junit.runners.model.FrameworkMethod$1.runReflectiveCall(FrameworkMethod.java:50)
	at org.junit.internal.runners.model.ReflectiveCallable.run(ReflectiveCallable.java:12)
	at org.junit.runners.model.FrameworkMethod.invokeExplosively(FrameworkMethod.java:47)
	at org.junit.internal.runners.statements.InvokeMethod.evaluate(InvokeMethod.java:17)
	at com.anarsoft.vmlens.concurrent.junit.internal.ConcurrentStatement.evaluateStatement(ConcurrentStatement.java:12)
	at com.anarsoft.vmlens.concurrent.junit.internal.ConcurrentStatement.evaluate(ConcurrentStatement.java:43)
	at com.anarsoft.vmlens.concurrent.junit.internal.ParallelExecutorThread.run(ParallelExecutorThread.java:29)
</error>
  </testcase>
  <testcase classname="junitMultithread.ControllerServiceTest" name="shouldReturnErrorCausedByEmptyNameAndEmptyBalanceFields" time="0.37">
    <error message="400 null" type="org.springframework.web.client.HttpClientErrorException">org.springframework.web.client.HttpClientErrorException: 400 null
	at org.springframework.web.client.DefaultResponseErrorHandler.handleError(DefaultResponseErrorHandler.java:94)
	at org.springframework.web.client.DefaultResponseErrorHandler.handleError(DefaultResponseErrorHandler.java:79)
	at org.springframework.web.client.ResponseErrorHandler.handleError(ResponseErrorHandler.java:63)
	at org.springframework.web.client.RestTemplate.handleResponse(RestTemplate.java:766)
	at org.springframework.web.client.RestTemplate.doExecute(RestTemplate.java:724)
	at org.springframework.web.client.RestTemplate.execute(RestTemplate.java:680)
	at org.springframework.web.client.RestTemplate.exchange(RestTemplate.java:600)
	at junitMultithread.ControllerServiceTest.shouldReturnErrorCausedByEmptyNameAndEmptyBalanceFields(ControllerServiceTest.java:67)
	at sun.reflect.NativeMethodAccessorImpl.invoke0(Native Method)
	at sun.reflect.NativeMethodAccessorImpl.invoke(NativeMethodAccessorImpl.java:62)
	at sun.reflect.DelegatingMethodAccessorImpl.invoke(DelegatingMethodAccessorImpl.java:43)
	at java.lang.reflect.Method.invoke(Method.java:498)
	at org.junit.runners.model.FrameworkMethod$1.runReflectiveCall(FrameworkMethod.java:50)
	at org.junit.internal.runners.model.ReflectiveCallable.run(ReflectiveCallable.java:12)
	at org.junit.runners.model.FrameworkMethod.invokeExplosively(FrameworkMethod.java:47)
	at org.junit.internal.runners.statements.InvokeMethod.evaluate(InvokeMethod.java:17)
	at com.anarsoft.vmlens.concurrent.junit.internal.ConcurrentStatement.evaluateStatement(ConcurrentStatement.java:12)
	at com.anarsoft.vmlens.concurrent.junit.internal.ConcurrentStatement.evaluate(ConcurrentStatement.java:43)
	at com.anarsoft.vmlens.concurrent.junit.internal.ParallelExecutorThread.run(ParallelExecutorThread.java:29)
</error>
  </testcase>
  <testcase classname="junitMultithread.ControllerServiceTest" name="shouldReturnErrorCausedByEmptyNameAndEmptyBalanceFields" time="0.371">
    <error message="400 null" type="org.springframework.web.client.HttpClientErrorException">org.springframework.web.client.HttpClientErrorException: 400 null
	at org.springframework.web.client.DefaultResponseErrorHandler.handleError(DefaultResponseErrorHandler.java:94)
	at org.springframework.web.client.DefaultResponseErrorHandler.handleError(DefaultResponseErrorHandler.java:79)
	at org.springframework.web.client.ResponseErrorHandler.handleError(ResponseErrorHandler.java:63)
	at org.springframework.web.client.RestTemplate.handleResponse(RestTemplate.java:766)
	at org.springframework.web.client.RestTemplate.doExecute(RestTemplate.java:724)
	at org.springframework.web.client.RestTemplate.execute(RestTemplate.java:680)
	at org.springframework.web.client.RestTemplate.exchange(RestTemplate.java:600)
	at junitMultithread.ControllerServiceTest.shouldReturnErrorCausedByEmptyNameAndEmptyBalanceFields(ControllerServiceTest.java:67)
	at sun.reflect.NativeMethodAccessorImpl.invoke0(Native Method)
	at sun.reflect.NativeMethodAccessorImpl.invoke(NativeMethodAccessorImpl.java:62)
	at sun.reflect.DelegatingMethodAccessorImpl.invoke(DelegatingMethodAccessorImpl.java:43)
	at java.lang.reflect.Method.invoke(Method.java:498)
	at org.junit.runners.model.FrameworkMethod$1.runReflectiveCall(FrameworkMethod.java:50)
	at org.junit.internal.runners.model.ReflectiveCallable.run(ReflectiveCallable.java:12)
	at org.junit.runners.model.FrameworkMethod.invokeExplosively(FrameworkMethod.java:47)
	at org.junit.internal.runners.statements.InvokeMethod.evaluate(InvokeMethod.java:17)
	at com.anarsoft.vmlens.concurrent.junit.internal.ConcurrentStatement.evaluateStatement(ConcurrentStatement.java:12)
	at com.anarsoft.vmlens.concurrent.junit.internal.ConcurrentStatement.evaluate(ConcurrentStatement.java:43)
	at com.anarsoft.vmlens.concurrent.junit.internal.ParallelExecutorThread.run(ParallelExecutorThread.java:29)
</error>
  </testcase>
  <testcase classname="junitMultithread.ControllerServiceTest" name="shouldReturnErrorCausedByEmptyNameAndEmptyBalanceFields" time="0.371">
    <error message="400 null" type="org.springframework.web.client.HttpClientErrorException">org.springframework.web.client.HttpClientErrorException: 400 null
	at org.springframework.web.client.DefaultResponseErrorHandler.handleError(DefaultResponseErrorHandler.java:94)
	at org.springframework.web.client.DefaultResponseErrorHandler.handleError(DefaultResponseErrorHandler.java:79)
	at org.springframework.web.client.ResponseErrorHandler.handleError(ResponseErrorHandler.java:63)
	at org.springframework.web.client.RestTemplate.handleResponse(RestTemplate.java:766)
	at org.springframework.web.client.RestTemplate.doExecute(RestTemplate.java:724)
	at org.springframework.web.client.RestTemplate.execute(RestTemplate.java:680)
	at org.springframework.web.client.RestTemplate.exchange(RestTemplate.java:600)
	at junitMultithread.ControllerServiceTest.shouldReturnErrorCausedByEmptyNameAndEmptyBalanceFields(ControllerServiceTest.java:67)
	at sun.reflect.NativeMethodAccessorImpl.invoke0(Native Method)
	at sun.reflect.NativeMethodAccessorImpl.invoke(NativeMethodAccessorImpl.java:62)
	at sun.reflect.DelegatingMethodAccessorImpl.invoke(DelegatingMethodAccessorImpl.java:43)
	at java.lang.reflect.Method.invoke(Method.java:498)
	at org.junit.runners.model.FrameworkMethod$1.runReflectiveCall(FrameworkMethod.java:50)
	at org.junit.internal.runners.model.ReflectiveCallable.run(ReflectiveCallable.java:12)
	at org.junit.runners.model.FrameworkMethod.invokeExplosively(FrameworkMethod.java:47)
	at org.junit.internal.runners.statements.InvokeMethod.evaluate(InvokeMethod.java:17)
	at com.anarsoft.vmlens.concurrent.junit.internal.ConcurrentStatement.evaluateStatement(ConcurrentStatement.java:12)
	at com.anarsoft.vmlens.concurrent.junit.internal.ConcurrentStatement.evaluate(ConcurrentStatement.java:43)
	at com.anarsoft.vmlens.concurrent.junit.internal.ParallelExecutorThread.run(ParallelExecutorThread.java:29)
</error>
  </testcase>
  <testcase classname="junitMultithread.ControllerServiceTest" name="shouldReturnErrorCausedByEmptyNameAndEmptyBalanceFields" time="0.372">
    <error message="400 null" type="org.springframework.web.client.HttpClientErrorException">org.springframework.web.client.HttpClientErrorException: 400 null
	at org.springframework.web.client.DefaultResponseErrorHandler.handleError(DefaultResponseErrorHandler.java:94)
	at org.springframework.web.client.DefaultResponseErrorHandler.handleError(DefaultResponseErrorHandler.java:79)
	at org.springframework.web.client.ResponseErrorHandler.handleError(ResponseErrorHandler.java:63)
	at org.springframework.web.client.RestTemplate.handleResponse(RestTemplate.java:766)
	at org.springframework.web.client.RestTemplate.doExecute(RestTemplate.java:724)
	at org.springframework.web.client.RestTemplate.execute(RestTemplate.java:680)
	at org.springframework.web.client.RestTemplate.exchange(RestTemplate.java:600)
	at junitMultithread.ControllerServiceTest.shouldReturnErrorCausedByEmptyNameAndEmptyBalanceFields(ControllerServiceTest.java:67)
	at sun.reflect.NativeMethodAccessorImpl.invoke0(Native Method)
	at sun.reflect.NativeMethodAccessorImpl.invoke(NativeMethodAccessorImpl.java:62)
	at sun.reflect.DelegatingMethodAccessorImpl.invoke(DelegatingMethodAccessorImpl.java:43)
	at java.lang.reflect.Method.invoke(Method.java:498)
	at org.junit.runners.model.FrameworkMethod$1.runReflectiveCall(FrameworkMethod.java:50)
	at org.junit.internal.runners.model.ReflectiveCallable.run(ReflectiveCallable.java:12)
	at org.junit.runners.model.FrameworkMethod.invokeExplosively(FrameworkMethod.java:47)
	at org.junit.internal.runners.statements.InvokeMethod.evaluate(InvokeMethod.java:17)
	at com.anarsoft.vmlens.concurrent.junit.internal.ConcurrentStatement.evaluateStatement(ConcurrentStatement.java:12)
	at com.anarsoft.vmlens.concurrent.junit.internal.ConcurrentStatement.evaluate(ConcurrentStatement.java:43)
	at com.anarsoft.vmlens.concurrent.junit.internal.ParallelExecutorThread.run(ParallelExecutorThread.java:29)
</error>
  </testcase>
</testsuite>